     1                                  ;hello.asm
     2                                  section .data
     3 00000000 68656C6C6F2C207065-         msg    db      "hello, people",0
     3 00000009 6F706C6500         
     4 0000000E 0A                          NL     db      0xa  ; ascii code for new line
     5                                  section .bss
     6                                  section .text
     7                                      global main
     8                                  main:
     9 00000000 B801000000                  mov    rax, 1       ; 1 = write
    10 00000005 BF01000000                  mov    rdi, 1       ; 1 = to stdout
    11 0000000A 48BE-                       mov    rsi, msg     ; string to display
    11 0000000C [0000000000000000] 
    12 00000014 BA0D000000                  mov    rdx, 13      ; length of string, without 0
    13 00000019 0F05                        syscall             ; display the string
    14 0000001B B801000000                  mov    rax, 1       ; 1 = write
    15 00000020 BF01000000                  mov    rdi, 1       ; 1 = to stdout
    16 00000025 48BE-                       mov    rsi, NL      ; diplay new line
    16 00000027 [0E00000000000000] 
    17 0000002F BA01000000                  mov    rdx, 1       ; length of the string
    18 00000034 0F05                        syscall             ; display the string
    19 00000036 B83C000000                  mov rax, 60         ; exit
    20 0000003B BF00000000                  mov rdi, 0          ; 0 = succes exit code
    21 00000040 0F05                        syscall             ; quit
    22                                     
